<?xml version="1.0" encoding="UTF-8"?>
<!-- Generated by org.testng.reporters.JUnitReportReporter -->
<testsuite hostname="MSI" failures="0" tests="4" name="org.jhotdraw.geom.BezierPathNGTest" time="0.007" errors="0" timestamp="3 Jan 2024 17:11:17 GMT">
  <testcase classname="org.jhotdraw.geom.BezierPathNGTest" name="testToGeneralPath" time="0.000"/>
  <testcase classname="org.jhotdraw.geom.BezierPathNGTest" name="testPathIterator" time="0.007"/>
  <testcase classname="org.jhotdraw.geom.BezierPathNGTest" name="testToPolygonArray" time="0.000"/>
  <testcase classname="org.jhotdraw.geom.BezierPathNGTest" name="testPathIterator2" time="0.000"/>
</testsuite> <!-- org.jhotdraw.geom.BezierPathNGTest -->
