<?xml version="1.0" encoding="UTF-8"?>
<!-- Generated by org.testng.reporters.JUnitReportReporter -->
<testsuite hostname="DESKTOP-776AU9R" failures="0" tests="4" name="org.jhotdraw.geom.BezierPathNGTest" time="0.008" errors="0" timestamp="2 Jan 2024 11:29:23 GMT">
  <testcase classname="org.jhotdraw.geom.BezierPathNGTest" name="testPathIterator" time="0.006"/>
  <testcase classname="org.jhotdraw.geom.BezierPathNGTest" name="testPathIterator2" time="0.001"/>
  <testcase classname="org.jhotdraw.geom.BezierPathNGTest" name="testToGeneralPath" time="0.001"/>
  <testcase classname="org.jhotdraw.geom.BezierPathNGTest" name="testToPolygonArray" time="0.000"/>
</testsuite> <!-- org.jhotdraw.geom.BezierPathNGTest -->
