<?xml version="1.0" encoding="UTF-8"?>
<!-- Generated by org.testng.reporters.JUnitReportReporter -->
<testsuite hostname="MSI" failures="0" tests="2" name="org.jhotdraw.draw.figure.AbstractFigureNGTest" time="0.004" errors="0" timestamp="3 Jan 2024 17:11:25 GMT">
  <testcase classname="org.jhotdraw.draw.figure.AbstractFigureNGTest" name="testChangedWithoutWillChange" time="0.003"/>
  <testcase classname="org.jhotdraw.draw.figure.AbstractFigureNGTest" name="testWillChangeChangedEvents" time="0.001"/>
</testsuite> <!-- org.jhotdraw.draw.figure.AbstractFigureNGTest -->
