<?xml version="1.0" encoding="UTF-8"?>
<!-- Generated by org.testng.reporters.JUnitReportReporter -->
<testsuite hostname="MSI" failures="0" tests="2" name="org.jhotdraw.draw.figure.AbstractFigureNGTest" time="0.007" errors="0" timestamp="3 Jan 2024 16:42:48 GMT">
  <testcase classname="org.jhotdraw.draw.figure.AbstractFigureNGTest" name="testChangedWithoutWillChange" time="0.005"/>
  <testcase classname="org.jhotdraw.draw.figure.AbstractFigureNGTest" name="testWillChangeChangedEvents" time="0.002"/>
</testsuite> <!-- org.jhotdraw.draw.figure.AbstractFigureNGTest -->
