<?xml version="1.0" encoding="UTF-8"?>
<!-- Generated by org.testng.reporters.JUnitReportReporter -->
<testsuite hostname="DESKTOP-776AU9R" failures="0" tests="2" name="org.jhotdraw.draw.figure.AbstractFigureNGTest" time="0.002" errors="0" timestamp="2 Jan 2024 11:29:28 GMT">
  <testcase classname="org.jhotdraw.draw.figure.AbstractFigureNGTest" name="testChangedWithoutWillChange" time="0.001"/>
  <testcase classname="org.jhotdraw.draw.figure.AbstractFigureNGTest" name="testWillChangeChangedEvents" time="0.001"/>
</testsuite> <!-- org.jhotdraw.draw.figure.AbstractFigureNGTest -->
